<?xml version='1.0' encoding='UTF-8'?>
<testsuite hostname="bigbox" name="CounterSpec" tests="6" errors="0" failures="0" time="2.057">
                     <properties>
[...]
</properties>
                     <testcase classname="CounterSpec" name="Counter Actor should handle GetCount message with using TestProbe" time="0.049">
                                                 
                                               </testcase><testcase classname="CounterSpec" name="Counter Actor should handle Increment message" time="1.004">
                                                 
                                               </testcase><testcase classname="CounterSpec" name="Counter Actor should handle Decrement message" time="1.001">
                                                 
                                               </testcase><testcase classname="CounterSpec" name="Counter Actor should handle Zero message and GetCount should return 0" time="0.001">
                                                 
                                               </testcase><testcase classname="CounterSpec" name="Counter Actor should handle GetCount message" time="0.001">
                                                 
                                               </testcase><testcase classname="CounterSpec" name="Counter Actor should handle sequence of messages" time="0.001">
                                                 
                                               </testcase>
                     <system-out></system-out>
                     <system-err></system-err>
                   </testsuite>