[0m[[0minfo[0m] [0m[32mClusterSpec:[0m[0m
[0m[[0minfo[0m] [0m[32mFrontend Actor[0m[0m
[0m[[0minfo[0m] [0m[31m- should handle Add message using TestProbe *** FAILED ***[0m[0m
[0m[[0minfo[0m] [0m[31m  java.lang.AssertionError: assertion failed: timeout (3 seconds) during expectMsgClass waiting for class commons.Add[0m[0m
[0m[[0minfo[0m] [0m[31m  at scala.Predef$.assert(Predef.scala:170)[0m[0m
[0m[[0minfo[0m] [0m[31m  at akka.testkit.TestKitBase$class.expectMsgClass_internal(TestKit.scala:435)[0m[0m
[0m[[0minfo[0m] [0m[31m  at akka.testkit.TestKitBase$class.expectMsgType(TestKit.scala:408)[0m[0m
[0m[[0minfo[0m] [0m[31m  at akka.testkit.TestKit.expectMsgType(TestKit.scala:735)[0m[0m
[0m[[0minfo[0m] [0m[31m  at ClusterSpec$$anonfun$1.apply$mcV$sp(ClusterTest.scala:43)[0m[0m
[0m[[0minfo[0m] [0m[31m  at ClusterSpec$$anonfun$1.apply(ClusterTest.scala:24)[0m[0m
[0m[[0minfo[0m] [0m[31m  at ClusterSpec$$anonfun$1.apply(ClusterTest.scala:24)[0m[0m
[0m[[0minfo[0m] [0m[31m  at org.scalatest.Transformer$$anonfun$apply$1.apply$mcV$sp(Transformer.scala:22)[0m[0m
[0m[[0minfo[0m] [0m[31m  at org.scalatest.OutcomeOf$class.outcomeOf(OutcomeOf.scala:85)[0m[0m
[0m[[0minfo[0m] [0m[31m  at org.scalatest.OutcomeOf$.outcomeOf(OutcomeOf.scala:104)[0m[0m
[0m[[0minfo[0m] [0m[31m  ...[0m[0m
